SNAPSHOT@snap-08941f9c@vol-7f042f51@completed@2015-09-16T16:55:19+0000@100%@137112412989@8@amzn-ami-hvm-2015.09.0.x86_64@Not@Encrypted@
SNAPSHOT@snap-095637ae@vol-ecf795a4@completed@2014-10-08T02:03:54+0000@100%@137112412989@8@amzn-ami-pv-2014.09.1.x86_64@Not@Encrypted@
SNAPSHOT@snap-0b11fd68@vol-da502cb0@completed@2011-09-22T02:28:27+0000@100%@137112412989@8@amzn-hvm-ami-2011.09.1.x86_64@Not@Encrypted@
SNAPSHOT@snap-0f8ba3ad@vol-06ca784e@completed@2014-09-18T22:06:53+0000@100%@137112412989@2@amzn-ami-minimal-pv-2014.09.0.x86_64@Not@Encrypted@
SNAPSHOT@snap-10ec140d@vol-33022044@completed@2013-12-11T00:40:30+0000@100%@137112412989@8@amzn-ami-pv-2013.09.2.i386@Not@Encrypted@
SNAPSHOT@snap-187784cf@vol-fed353b7@completed@2014-06-11T19:38:08+0000@100%@137112412989@2@amzn-ami-minimal-pv-2014.03.2.x86_64@Not@Encrypted@
SNAPSHOT@snap-1b49bacc@vol-59d55510@completed@2014-06-11T19:49:54+0000@100%@137112412989@8@amzn-ami-pv-2014.03.2.i386@Not@Encrypted@
SNAPSHOT@snap-26941fb2@vol-7d042f53@completed@2015-09-16T16:55:32+0000@100%@137112412989@8@amzn-ami-hvm-2015.09.0.x86_64@Not@Encrypted@
SNAPSHOT@snap-299e3a57@vol-07104469@completed@2012-06-21T19:48:11+0000@100%@137112412989@8@amzn-ami-hvm-2012.03.2.x86_64@Not@Encrypted@
SNAPSHOT@snap-3111ffbc@vol-f65f60b2@completed@2015-01-27T23:32:36+0000@100%@137112412989@2@amzn-ami-minimal-hvm-2014.09.2.x86_64@Not@Encrypted@
SNAPSHOT@snap-39941fad@vol-7c042f52@completed@2015-09-16T16:55:30+0000@100%@137112412989@8@amzn-ami-pv-2015.09.0.x86_64@Not@Encrypted@
SNAPSHOT@snap-3efdc0ac@vol-b580a19b@completed@2015-08-18T18:16:17+0000@100%@137112412989@8@amzn-ami-hvm-2015.03.1.x86_64@Not@Encrypted@
SNAPSHOT@snap-400160e7@vol-9bf694d3@completed@2014-10-08T01:59:15+0000@100%@137112412989@2@amzn-ami-minimal-pv-2014.09.1.i386@Not@Encrypted@
SNAPSHOT@snap-43b9120d@vol-45d37b02@completed@2015-03-18T16:25:51+0000@100%@137112412989@2@amzn-ami-minimal-hvm-2015.03.0.x86_64@Not@Encrypted@
SNAPSHOT@snap-4501019d@vol-1dc0966b@completed@2014-03-25T06:36:02+0000@100%@137112412989@8@amzn-ami-pv-2014.03.0.i386@Not@Encrypted@
SNAPSHOT@snap-479a361d@vol-1005af48@completed@2013-05-09T20:41:33+0000@100%@137112412989@2@amzn-ami-minimal-pv-2013.03.1.i386@Not@Encrypted@
SNAPSHOT@snap-48f76336@vol-a86343c6@completed@2012-06-25T23:12:18+0000@100%@137112412989@8@amzn-ami-hvm-2012.03.3.x86_64@Not@Encrypted@
SNAPSHOT@snap-4d87afef@vol-0ccb7944@completed@2014-09-18T22:10:22+0000@100%@137112412989@8@amzn-ami-pv-2014.09.0.x86_64@Not@Encrypted@
SNAPSHOT@snap-503bd5dd@vol-78635c3c@completed@2015-01-27T23:22:55+0000@100%@137112412989@8@amzn-ami-hvm-2014.09.2.x86_64@Not@Encrypted@
SNAPSHOT@snap-53b64631@vol-f9998093@completed@2011-10-28T21:13:18+0000@100%@137112412989@8@amzn-hvm-ami-2011.09.2.x86_64@Not@Encrypted@
SNAPSHOT@snap-5a77d65a@vol-8f60b4f8@completed@2013-09-25T01:52:07+0000@100%@137112412989@8@amzn-ami-pv-2013.09.0.x86_64@Not@Encrypted@
SNAPSHOT@snap-5c86275c@vol-8865b1ff@completed@2013-09-25T01:41:20+0000@100%@137112412989@8@amzn-ami-hvm-2013.09.0.x86_64@Not@Encrypted@
SNAPSHOT@snap-5c88a0fe@vol-9cc577d4@completed@2014-09-18T22:05:57+0000@100%@137112412989@2@amzn-ami-minimal-pv-2014.09.0.i386@Not@Encrypted@
SNAPSHOT@snap-604c2dc7@vol-86f795ce@completed@2014-10-08T02:02:53+0000@100%@137112412989@8@amzn-ami-pv-2014.09.1.i386@Not@Encrypted@
SNAPSHOT@snap-609f0c27@vol-82eb44f1@completed@2013-03-26T20:26:00+0000@100%@137112412989@8@amzn-ami-hvm-2013.03.0.x86_64@Not@Encrypted@
SNAPSHOT@snap-628584ba@vol-56ccbe14@completed@2014-03-25T06:23:22+0000@100%@137112412989@2@amzn-ami-minimal-pv-2014.03.0.i386@Not@Encrypted@
SNAPSHOT@snap-68280236@vol-7f928650@completed@2013-06-19T15:22:57+0000@100%@137112412989@8@amzn-ami-pv-2013.03.1.x86_64-vpc-nat@Not@Encrypted@
SNAPSHOT@snap-68e8eb1c@vol-3c486046@completed@2012-10-08T18:19:51+0000@100%@137112412989@8@amzn-ami-hvm-2012.09.0.x86_64@Not@Encrypted@
SNAPSHOT@snap-6968c433@vol-2612b87e@completed@2013-05-09T20:45:14+0000@100%@137112412989@2@amzn-ami-minimal-pv-2013.03.1.x86_64@Not@Encrypted@
SNAPSHOT@snap-6a3ad4e7@vol-11635c55@completed@2015-01-27T23:22:31+0000@100%@137112412989@8@amzn-ami-hvm-2014.09.2.x86_64@Not@Encrypted@
SNAPSHOT@snap-6b80216b@vol-c766b2b0@completed@2013-09-25T01:40:03+0000@100%@137112412989@2@amzn-ami-minimal-pv-2013.09.0.i386@Not@Encrypted@
SNAPSHOT@snap-6e8e7673@vol-493bb204@completed@2013-12-11T00:33:30+0000@100%@137112412989@2@amzn-ami-minimal-pv-2013.09.2.x86_64@Not@Encrypted@
SNAPSHOT@snap-709fb7d2@vol-3cc97b74@completed@2014-09-18T22:13:01+0000@100%@137112412989@2@amzn-ami-minimal-hvm-2014.09.0.x86_64@Not@Encrypted@
SNAPSHOT@snap-743f5fa9@vol-f9603dbb@completed@2014-04-10T22:24:56+0000@100%@137112412989@2@amzn-ami-minimal-pv-2014.03.1.i386@Not@Encrypted@
SNAPSHOT@snap-75063be7@vol-6480a14a@completed@2015-08-18T18:14:44+0000@100%@137112412989@2@amzn-ami-minimal-hvm-2015.03.1.x86_64@Not@Encrypted@
SNAPSHOT@snap-76676871@vol-cd0464ba@completed@2013-11-06T01:21:16+0000@100%@137112412989@2@amzn-ami-minimal-pv-2013.09.1.x86_64@Not@Encrypted@
SNAPSHOT@snap-7962c379@vol-ca67b3bd@completed@2013-09-25T01:47:11+0000@100%@137112412989@8@amzn-ami-pv-2013.09.0.i386@Not@Encrypted@
SNAPSHOT@snap-79adccde@vol-7af59732@completed@2014-10-08T02:06:37+0000@100%@137112412989@8@amzn-ami-hvm-2014.09.1.x86_64@Not@Encrypted@
SNAPSHOT@snap-810ffc56@vol-82770ece@completed@2014-06-11T19:36:02+0000@100%@137112412989@8@amzn-ami-hvm-2014.03.2.x86_64@Not@Encrypted@
SNAPSHOT@snap-8347b454@vol-57d7571e@completed@2014-06-11T19:48:15+0000@100%@137112412989@8@amzn-ami-pv-2014.03.2.x86_64@Not@Encrypted@
SNAPSHOT@snap-8b90318b@vol-1f66b268@completed@2013-09-25T01:42:59+0000@100%@137112412989@2@amzn-ami-minimal-pv-2013.09.0.x86_64@Not@Encrypted@
SNAPSHOT@snap-90718247@vol-0fd25246@completed@2014-06-11T19:37:24+0000@100%@137112412989@2@amzn-ami-minimal-pv-2014.03.2.i386@Not@Encrypted@
SNAPSHOT@snap-9653bd1b@vol-fe5a65ba@completed@2015-01-27T23:45:49+0000@100%@137112412989@8@amzn-ami-pv-2014.09.2.x86_64@Not@Encrypted@
SNAPSHOT@snap-9a827a87@vol-6426af29@completed@2013-12-11T00:34:28+0000@100%@137112412989@8@amzn-ami-hvm-2013.09.2.x86_64@Not@Encrypted@
SNAPSHOT@snap-9aab5387@vol-8239b0cf@completed@2013-12-11T00:27:29+0000@100%@137112412989@2@amzn-ami-minimal-pv-2013.09.2.i386@Not@Encrypted@
SNAPSHOT@snap-9bc1c89c@vol-17814a5a@completed@2013-11-06T03:02:09+0000@100%@137112412989@8@amzn-ami-hvm-2013.09.1.x86_64@Not@Encrypted@
SNAPSHOT@snap-9d0e6e40@vol-e0623fa2@completed@2014-04-10T22:28:04+0000@100%@137112412989@2@amzn-ami-minimal-pv-2014.03.1.x86_64@Not@Encrypted@
SNAPSHOT@snap-9db2e1e7@vol-77b8811b@completed@2012-03-24T17:10:49+0000@100%@137112412989@8@amzn-ami-hvm-2012.03.1.x86_64@Not@Encrypted@
SNAPSHOT@snap-a04ba52d@vol-265b6462@completed@2015-01-27T23:40:17+0000@100%@137112412989@2@amzn-ami-minimal-pv-2014.09.2.x86_64@Not@Encrypted@
SNAPSHOT@snap-b011716d@vol-21613c63@completed@2014-04-10T22:28:50+0000@100%@137112412989@8@amzn-ami-hvm-2014.03.1.x86_64@Not@Encrypted@
SNAPSHOT@snap-b047276d@vol-d09cc192@completed@2014-04-10T22:39:21+0000@100%@137112412989@8@amzn-ami-pv-2014.03.1.x86_64@Not@Encrypted@
SNAPSHOT@snap-b4aacb13@vol-cff59787@completed@2014-10-08T02:06:19+0000@100%@137112412989@8@amzn-ami-hvm-2014.09.1.x86_64@Not@Encrypted@
SNAPSHOT@snap-b4ef17a9@vol-10032167@completed@2013-12-11T00:41:12+0000@100%@137112412989@8@amzn-ami-pv-2013.09.2.x86_64@Not@Encrypted@
SNAPSHOT@snap-b772aec8@vol-60d27a27@completed@2015-03-18T16:27:10+0000@100%@137112412989@8@amzn-ami-hvm-2015.03.0.x86_64@Not@Encrypted@
SNAPSHOT@snap-bb2050f8@vol-42e9de33@completed@2013-02-20T00:44:11+0000@100%@137112412989@8@amzn-ami-hvm-2012.09.1.x86_64@Not@Encrypted@
SNAPSHOT@snap-bb9e9f63@vol-9ec294e8@completed@2014-03-25T06:26:46+0000@100%@137112412989@2@amzn-ami-minimal-pv-2014.03.0.x86_64@Not@Encrypted@
SNAPSHOT@snap-bb9eb619@vol-13c87a5b@completed@2014-09-18T22:12:26+0000@100%@137112412989@8@amzn-ami-hvm-2014.09.0.x86_64@Not@Encrypted@
SNAPSHOT@snap-c3fcc151@vol-8380a1ad@completed@2015-08-18T18:16:33+0000@100%@137112412989@8@amzn-ami-pv-2015.03.1.x86_64@Not@Encrypted@
SNAPSHOT@snap-c9f25e93@vol-db76dc83@completed@2013-05-09T20:16:36+0000@100%@137112412989@8@amzn-ami-hvm-2013.03.1.x86_64@Not@Encrypted@
SNAPSHOT@snap-cb013c59@vol-7280a15c@completed@2015-08-18T18:14:53+0000@100%@137112412989@2@amzn-ami-minimal-pv-2015.03.1.x86_64@Not@Encrypted@
SNAPSHOT@snap-cb6dc6b4@vol-36d27a71@completed@2015-03-18T16:23:51+0000@100%@137112412989@2@amzn-ami-minimal-pv-2015.03.0.x86_64@Not@Encrypted@
SNAPSHOT@snap-ce147569@vol-67f7952f@completed@2014-10-08T02:00:14+0000@100%@137112412989@2@amzn-ami-minimal-pv-2014.09.1.x86_64@Not@Encrypted@
SNAPSHOT@snap-cffcc15d@vol-9e80a1b0@completed@2015-08-18T18:16:34+0000@100%@137112412989@8@amzn-ami-hvm-2015.03.1.x86_64@Not@Encrypted@
SNAPSHOT@snap-d0969708@vol-04cebc46@completed@2014-03-25T06:25:29+0000@100%@137112412989@8@amzn-ami-hvm-2014.03.0.x86_64@Not@Encrypted@
SNAPSHOT@snap-d0accd77@vol-a796a6be@completed@2014-10-08T02:06:47+0000@100%@137112412989@2@amzn-ami-minimal-hvm-2014.09.1.x86_64@Not@Encrypted@
SNAPSHOT@snap-d2fc5388@vol-31f44169@completed@2013-05-09T21:18:09+0000@100%@137112412989@8@amzn-ami-pv-2013.03.1.i386@Not@Encrypted@
SNAPSHOT@snap-d3d4215e@vol-f7152ab3@completed@2015-01-28T02:17:06+0000@100%@137112412989@8@amzn-ami-pv-2014.09.2.i386@Not@Encrypted@
SNAPSHOT@snap-d783ab75@vol-05cb794d@completed@2014-09-18T22:09:30+0000@100%@137112412989@8@amzn-ami-pv-2014.09.0.i386@Not@Encrypted@
SNAPSHOT@snap-d7e8a5a4@vol-e2d27aa5@completed@2015-03-18T16:26:52+0000@100%@137112412989@8@amzn-ami-pv-2015.03.0.x86_64@Not@Encrypted@
SNAPSHOT@snap-e0151538@vol-48ce983e@completed@2014-03-25T06:38:17+0000@100%@137112412989@8@amzn-ami-pv-2014.03.0.x86_64@Not@Encrypted@
SNAPSHOT@snap-e1c389ac@vol-aaf410e4@completed@2015-03-18T16:27:26+0000@100%@137112412989@8@amzn-ami-hvm-2015.03.0.x86_64@Not@Encrypted@
SNAPSHOT@snap-e49eb646@vol-0ac87a42@completed@2014-09-18T22:12:31+0000@100%@137112412989@8@amzn-ami-hvm-2014.09.0.x86_64@Not@Encrypted@
SNAPSHOT@snap-e9887d64@vol-0816294c@completed@2015-01-28T02:11:24+0000@100%@137112412989@2@amzn-ami-minimal-pv-2014.09.2.i386@Not@Encrypted@
SNAPSHOT@snap-e9fd473e@vol-6b74f822@completed@2014-06-13T16:13:16+0000@100%@137112412989@8@amzn-ami-hvm-2014.03.2.x86_64@Not@Encrypted@
SNAPSHOT@snap-ea951e7e@vol-67042f49@completed@2015-09-16T16:53:32+0000@100%@137112412989@2@amzn-ami-minimal-pv-2015.09.0.x86_64@Not@Encrypted@
SNAPSHOT@snap-eb111eec@vol-2b05655c@completed@2013-11-06T01:30:45+0000@100%@137112412989@8@amzn-ami-pv-2013.09.1.i386@Not@Encrypted@
SNAPSHOT@snap-ef432332@vol-679dc025@completed@2014-04-10T22:38:27+0000@100%@137112412989@8@amzn-ami-pv-2014.03.1.i386@Not@Encrypted@
SNAPSHOT@snap-f0c9c6f7@vol-ec06669b@completed@2013-11-06T01:38:46+0000@100%@137112412989@8@amzn-ami-pv-2013.09.1.x86_64@Not@Encrypted@
SNAPSHOT@snap-f270dca8@vol-9ffc49c7@completed@2013-05-09T20:53:01+0000@100%@137112412989@8@amzn-ami-pv-2013.03.1.x86_64@Not@Encrypted@
SNAPSHOT@snap-f8434cff@vol-dc0363ab@completed@2013-11-06T01:18:05+0000@100%@137112412989@2@amzn-ami-minimal-pv-2013.09.1.i386@Not@Encrypted@
SNAPSHOT@snap-f8951e6c@vol-66042f48@completed@2015-09-16T16:53:25+0000@100%@137112412989@2@amzn-ami-minimal-hvm-2015.09.0.x86_64@Not@Encrypted@
SNAPSHOT@snap-fa15e62d@vol-3368117f@completed@2014-06-11T19:30:34+0000@100%@137112412989@2@amzn-ami-minimal-hvm-2014.03.2.x86_64@Not@Encrypted@
SNAPSHOT@snap-053b4591@vol-c343d38c@completed@2015-09-23T07:50:13+0000@100%@330675014459@10@alg-2015-09-23-vol-c343d38c@Not@Encrypted@
SNAPSHOT@snap-05948991@vol-c343d38c@completed@2015-10-07T07:50:08+0000@100%@330675014459@10@alg-2015-10-07-vol-c343d38c@Not@Encrypted@
SNAPSHOT@snap-069ba992@vol-c343d38c@completed@2015-10-02T07:50:09+0000@100%@330675014459@10@alg-2015-10-02-vol-c343d38c@Not@Encrypted@
SNAPSHOT@snap-2f95d1bb@vol-c343d38c@completed@2015-09-24T07:50:10+0000@100%@330675014459@10@alg-2015-09-24-vol-c343d38c@Not@Encrypted@
SNAPSHOT@snap-36f7f9a2@vol-c343d38c@completed@2015-10-05T07:50:09+0000@100%@330675014459@10@alg-2015-10-05-vol-c343d38c@Not@Encrypted@
SNAPSHOT@snap-383b5eac@vol-c343d38c@completed@2015-09-19T07:50:09+0000@100%@330675014459@10@alg-2015-09-19-vol-c343d38c@Not@Encrypted@
SNAPSHOT@snap-3d24d3aa@vol-c343d38c@completed@2015-10-11T07:50:09+0000@100%@330675014459@10@alg-2015-10-11-vol-c343d38c@Not@Encrypted@
SNAPSHOT@snap-3fba26ab@vol-c343d38c@completed@2015-09-18T07:50:14+0000@100%@330675014459@10@alg-2015-09-18-vol-c343d38c@Not@Encrypted@
SNAPSHOT@snap-412f65d5@vol-c343d38c@completed@2015-09-26T07:50:13+0000@100%@330675014459@10@alg-2015-09-26-vol-c343d38c@Not@Encrypted@
SNAPSHOT@snap-4390e6d7@vol-c343d38c@completed@2015-09-22T07:50:11+0000@100%@330675014459@10@alg-2015-09-22-vol-c343d38c@Not@Encrypted@
SNAPSHOT@snap-4a06c8dd@vol-c343d38c@completed@2015-10-15T07:50:09+0000@100%@330675014459@10@alg-2015-10-15-vol-c343d38c@Not@Encrypted@
SNAPSHOT@snap-4b4f02df@vol-c343d38c@completed@2015-09-25T07:50:08+0000@100%@330675014459@10@alg-2015-09-25-vol-c343d38c@Not@Encrypted@
SNAPSHOT@snap-4bdf86df@vol-c343d38c@completed@2015-09-28T07:50:09+0000@100%@330675014459@10@alg-2015-09-28-vol-c343d38c@Not@Encrypted@
SNAPSHOT@snap-511106c5@vol-c343d38c@completed@2015-10-06T07:50:10+0000@100%@330675014459@10@alg-2015-10-06-vol-c343d38c@Not@Encrypted@
SNAPSHOT@snap-55eb82c1@vol-c343d38c@completed@2015-09-21T07:50:08+0000@100%@330675014459@10@alg-2015-09-21-vol-c343d38c@Not@Encrypted@
SNAPSHOT@snap-60f0cbf4@vol-c343d38c@completed@2015-10-03T07:50:08+0000@100%@330675014459@10@alg-2015-10-03-vol-c343d38c@Not@Encrypted@
SNAPSHOT@snap-83150f17@vol-c343d38c@completed@2015-10-08T07:50:08+0000@100%@330675014459@10@alg-2015-10-08-vol-c343d38c@Not@Encrypted@
SNAPSHOT@snap-941bfb03@vol-c343d38c@completed@2015-10-09T07:50:09+0000@100%@330675014459@10@alg-2015-10-09-vol-c343d38c@Not@Encrypted@
SNAPSHOT@snap-95a96902@vol-c343d38c@completed@2015-10-14T07:50:09+0000@100%@330675014459@10@alg-2015-10-14-vol-c343d38c@Not@Encrypted@
SNAPSHOT@snap-9df39009@vol-c343d38c@completed@2015-09-20T07:50:09+0000@100%@330675014459@10@alg-2015-09-20-vol-c343d38c@Not@Encrypted@
SNAPSHOT@snap-ac20dd3b@vol-c343d38c@completed@2015-10-12T07:50:09+0000@100%@330675014459@10@alg-2015-10-12-vol-c343d38c@Not@Encrypted@
SNAPSHOT@snap-be03942a@vol-c343d38c@completed@2015-09-17T07:50:09+0000@100%@330675014459@10@alg-2015-09-17-vol-c343d38c@Not@Encrypted@
SNAPSHOT@snap-caee075d@vol-c343d38c@completed@2015-10-10T07:50:12+0000@100%@330675014459@10@alg-2015-10-10-vol-c343d38c@Not@Encrypted@
SNAPSHOT@snap-cd477359@vol-c343d38c@completed@2015-10-01T07:50:09+0000@100%@330675014459@10@alg-2015-10-01-vol-c343d38c@Not@Encrypted@
SNAPSHOT@snap-ebe8b87f@vol-c343d38c@completed@2015-09-27T07:50:08+0000@100%@330675014459@10@alg-2015-09-27-vol-c343d38c@Not@Encrypted@
SNAPSHOT@snap-ec58a37b@vol-c343d38c@completed@2015-10-13T07:50:09+0000@100%@330675014459@10@alg-2015-10-13-vol-c343d38c@Not@Encrypted@
SNAPSHOT@snap-f0606064@vol-c343d38c@completed@2015-10-04T07:50:09+0000@100%@330675014459@10@alg-2015-10-04-vol-c343d38c@Not@Encrypted@
SNAPSHOT@snap-f0e5c364@vol-c343d38c@completed@2015-09-29T07:50:14+0000@100%@330675014459@10@alg-2015-09-29-vol-c343d38c@Not@Encrypted@
SNAPSHOT@snap-fdd25b69@vol-c343d38c@completed@2015-09-16T07:50:09+0000@100%@330675014459@10@alg-2015-09-16-vol-c343d38c@Not@Encrypted@
SNAPSHOT@snap-ff3b146b@vol-c343d38c@completed@2015-09-30T07:50:09+0000@100%@330675014459@10@alg-2015-09-30-vol-c343d38c@Not@Encrypted@
SNAPSHOT@snap-f84e422c@vol-2ad90d6f@completed@2014-06-10T13:08:07+0000@100%@547883162893@10@agent@tests@Not@Encrypted@
SNAPSHOT@snap-b59ffddc@vol-1f6b9176@completed@2009-12-14T10:27:25+0000@100%@639022360442@5@az@Not@Encrypted@
