IMAGE@ami-a1c1eac8@015354198044/wmza2@015354198044@available@public@@x86_64@machine@@@@ebs@/dev/sda1@hvm@xen@2013-12-25T07:03:58.000Z
IMAGE@ami-087e8061@027555482470/web-May23@027555482470@available@public@@i386@machine@aki-407d9529@@@ebs@/dev/sda1@paravirtual@xen@2011-05-23T17:46:32.000Z
IMAGE@ami-4dc3e824@029755453080/wmza1@029755453080@available@public@@x86_64@machine@@@@ebs@/dev/sda1@hvm@xen@2013-12-25T06:32:54.000Z
IMAGE@ami-58530630@033680750156/wahcah@033680750156@available@public@@i386@machine@@@windows@ebs@/dev/sda1@hvm@xen@2015-02-14T10:49:05.000Z
IMAGE@ami-190bae72@042886198130/win-image-custom@042886198130@available@public@@x86_64@machine@@@windows@ebs@/dev/sda1@hvm@xen@2015-07-30T14:09:09.000Z
IMAGE@ami-35a77e5c@053852556895/web2@053852556895@available@public@@x86_64@machine@@@windows@ebs@/dev/sda1@hvm@xen@2012-04-03T23:59:16.000Z
IMAGE@ami-b4e776dd@067421111741/wink@067421111741@available@public@@x86_64@machine@aki-88aa75e1@@@ebs@/dev/sda1@paravirtual@xen@2013-02-11T23:24:40.000Z
IMAGE@ami-184eb370@071683516735/wewegembel@071683516735@available@public@@x86_64@machine@@@windows@ebs@/dev/sda1@hvm@xen@2014-06-13T02:38:26.000Z
IMAGE@ami-83e12aea@075689275910/webuzocentos13@075689275910@available@public@@x86_64@machine@aki-427d952b@@@ebs@/dev/sda1@paravirtual@xen@2011-12-01T11:01:29.000Z
IMAGE@ami-20543548@102697649119/winbdr@102697649119@available@public@@x86_64@machine@@@windows@ebs@/dev/sda1@hvm@xen@2014-12-14T01:39:47.000Z
IMAGE@ami-8f7a90e4@116365229689/win-it-3@116365229689@available@public@@x86_64@machine@@@windows@ebs@/dev/sda1@hvm@xen@2015-06-09T19:06:52.000Z
IMAGE@ami-817e64e8@140158994927/wallet-smoke-ami@140158994927@available@public@@x86_64@machine@aki-919dcaf8@@@ebs@/dev/sda1@paravirtual@xen@2014-04-22T11:08:15.000Z
IMAGE@ami-b11da0d8@145220623136/wowza-test@145220623136@available@public@@x86_64@machine@aki-825ea7eb@@@ebs@/dev/sda1@paravirtual@xen@2012-10-03T12:24:29.000Z
IMAGE@ami-33ac6d5a@151050781579/warriorspirit@151050781579@available@public@@x86_64@machine@aki-427d952b@@@ebs@/dev/sda1@paravirtual@xen@2011-08-09T07:19:12.000Z
IMAGE@ami-49251220@155802265997/wmz3@155802265997@available@public@@x86_64@machine@@@@ebs@/dev/sda1@hvm@xen@2014-01-06T05:15:14.000Z
IMAGE@ami-463d7e2e@167223221265/wongcmp@167223221265@available@public@@x86_64@machine@@@windows@ebs@/dev/sda1@hvm@xen@2015-02-03T11:41:16.000Z
IMAGE@ami-c90847ac@176637453156/webjet6@176637453156@available@public@@x86_64@machine@@@windows@ebs@/dev/sda1@hvm@xen@2015-10-08T06:15:41.000Z
IMAGE@ami-ef922086@195192747209/websphere-mq-broker-monitoring-qflex-4.2.4-x64@195192747209@available@public@@x86_64@machine@aki-825ea7eb@@@ebs@/dev/sda1@paravirtual@xen@2012-09-25T13:48:19.000Z
IMAGE@ami-651a640f@202821560654/w205Project_V1.0@202821560654@available@public@@x86_64@machine@aki-919dcaf8@@@ebs@/dev/sda1@paravirtual@xen@2015-11-09T00:04:58.000Z
IMAGE@ami-87bdffed@202821560654/w205Project_V1.2@202821560654@available@public@@x86_64@machine@aki-919dcaf8@@@ebs@/dev/sda1@paravirtual@xen@2015-12-01T14:49:42.000Z
IMAGE@ami-ba0449d0@202821560654/w205Project_V2.0@202821560654@available@public@@x86_64@machine@aki-919dcaf8@@@ebs@/dev/sda1@paravirtual@xen@2015-12-02T03:27:57.000Z
IMAGE@ami-a0360fc8@205538628901/wspoc-dc1@205538628901@available@public@@x86_64@machine@@@windows@ebs@/dev/sda1@hvm@xen@2015-04-12T19:49:03.000Z
IMAGE@ami-582b1230@205538628901/wspoc-dc2@205538628901@available@public@@x86_64@machine@@@windows@ebs@/dev/sda1@hvm@xen@2015-04-12T20:26:28.000Z
IMAGE@ami-fa9a0592@211383736054/w2k10_mnrgt_xmr_v4@211383736054@available@public@@x86_64@machine@@@windows@ebs@/dev/sda1@hvm@xen@2014-11-27T11:29:22.000Z
IMAGE@ami-30cc9858@216587668045/www.ami@216587668045@available@public@@x86_64@machine@aki-88aa75e1@@@ebs@/dev/sda1@paravirtual@xen@2015-02-17T01:32:41.000Z
IMAGE@ami-99f1c7f0@217075701517/wmz33218_3001@217075701517@available@public@@x86_64@machine@@@@ebs@/dev/sda1@hvm@xen@2014-01-09T08:08:26.000Z
IMAGE@ami-2415204c@222656316490/wahcah1@222656316490@available@public@@i386@machine@@@windows@ebs@/dev/sda1@hvm@xen@2015-03-28T11:59:00.000Z
IMAGE@ami-ad9e36c4@238584213427/windows_promoter@238584213427@available@public@@i386@machine@@@windows@ebs@/dev/sda1@hvm@xen@2012-07-29T09:39:17.000Z
IMAGE@ami-dd6946b4@238586268495/wmz2@238586268495@available@public@@x86_64@machine@@@@ebs@/dev/sda1@hvm@xen@2013-12-11T12:33:53.000Z
IMAGE@ami-f911659c@242676543627/webserver-faprender@242676543627@available@public@@x86_64@machine@@@@ebs@/dev/sda1@hvm@xen@2015-09-14T22:49:17.000Z
IMAGE@ami-ec9be384@243081102247/w22@243081102247@available@public@@x86_64@machine@@@windows@ebs@/dev/sda1@hvm@xen@2015-01-22T09:13:52.000Z
IMAGE@ami-bdad58d6@247333457184/wisatamalang532@247333457184@available@public@@x86_64@machine@@@windows@ebs@/dev/sda1@hvm@xen@2015-06-10T02:33:10.000Z
IMAGE@ami-ce0d2ea6@256198301421/ww1412@256198301421@available@public@@x86_64@machine@@@windows@ebs@/dev/sda1@hvm@xen@2015-03-16T01:16:27.000Z
IMAGE@ami-560c2f3e@256198301421/ww1413@256198301421@available@public@@x86_64@machine@@@windows@ebs@/dev/sda1@hvm@xen@2015-03-16T01:27:16.000Z
IMAGE@ami-e41a868c@264381961167/webperformance-zumbi@264381961167@available@public@@x86_64@machine@@@windows@ebs@/dev/sda1@hvm@xen@2014-11-26T19:12:05.000Z
IMAGE@ami-7ef80617@264657887608/w2k8r2sp1_sql_std_r2_iisdeploy@264657887608@available@public@@x86_64@machine@@@windows@ebs@/dev/sda1@hvm@xen@2011-05-16T06:18:12.000Z
IMAGE@ami-f805f791@264657887608/w2k8sp1_sql_exp_r2_iisdeploy@264657887608@available@public@@i386@machine@@@windows@ebs@/dev/sda1@hvm@xen@2011-03-18T07:58:10.000Z
IMAGE@ami-2ff15b44@279121917916/wordpress_aws_training_02@279121917916@available@public@@x86_64@machine@@@@ebs@/dev/xvda@hvm@xen@2015-08-13T07:59:28.000Z
IMAGE@ami-92f0c1fa@283850243569/wahyu@bergerak@crut@283850243569@available@public@@x86_64@machine@@@windows@ebs@/dev/sda1@hvm@xen@2015-04-03T00:58:52.000Z
IMAGE@ami-9f9785f6@284682651584/withBootstrapping@284682651584@available@public@@x86_64@machine@aki-825ea7eb@@@ebs@/dev/sda1@paravirtual@xen@2014-04-06T22:51:49.000Z
IMAGE@ami-a60348ce@301120328852/wix-debian78_minimal_110215@301120328852@available@public@@x86_64@machine@@@@ebs@/dev/xvda@hvm@xen@2015-02-11T14:19:30.000Z
IMAGE@ami-84f6d8ec@301120328852/wix-debian78_minimal_220315@301120328852@available@public@@x86_64@machine@@@@ebs@/dev/xvda@hvm@xen@2015-03-22T13:39:49.000Z
IMAGE@ami-cb0be1a0@314815484246/wahcahssh@314815484246@available@public@@x86_64@machine@@@windows@ebs@/dev/sda1@hvm@xen@2015-06-09T13:29:15.000Z
IMAGE@ami-24199c4c@314854558937/webpagetest-server@314854558937@available@public@@x86_64@machine@@@@ebs@/dev/sda1@hvm@xen@2014-10-20T20:18:31.000Z
IMAGE@ami-fcfd6194@314854558937/webpagetest-server-2014-11-25@314854558937@available@public@@x86_64@machine@@@@ebs@/dev/sda1@hvm@xen@2014-11-25T21:55:59.000Z
IMAGE@ami-2a1cb142@314854558937/wpt-ie10-20140912@314854558937@available@public@@x86_64@machine@@@windows@ebs@/dev/sda1@hvm@xen@2014-09-12T18:07:37.000Z
IMAGE@ami-561cb13e@314854558937/wpt-ie11-20140912@314854558937@available@public@@x86_64@machine@@@windows@ebs@/dev/sda1@hvm@xen@2014-09-12T18:07:05.000Z
IMAGE@ami-0f7eae66@314854558937/wpt-IE9@314854558937@available@public@@i386@machine@@@windows@ebs@/dev/sda1@hvm@xen@2012-02-11T19:11:04.000Z
IMAGE@ami-261cb14e@314854558937/wpt-ie9-20140912@314854558937@available@public@@x86_64@machine@@@windows@ebs@/dev/sda1@hvm@xen@2014-09-12T18:07:58.000Z
IMAGE@ami-bff2d8d6@316443304847/wmzGPUlinux2@316443304847@available@public@@x86_64@machine@@@@ebs@/dev/sda1@hvm@xen@2013-12-28T07:36:46.000Z
IMAGE@ami-8e7ab4e6@316461690566/wukong@316461690566@available@public@@x86_64@machine@@@@ebs@/dev/sda1@hvm@xen@2014-07-22T05:46:06.000Z
IMAGE@ami-2374444a@331710882920/web_comp_definitivo@331710882920@available@public@@x86_64@machine@@@windows@ebs@/dev/sda1@hvm@xen@2014-01-13T10:27:48.000Z
IMAGE@ami-f1404f98@338314237694/with@automation@scripts@338314237694@available@public@@x86_64@machine@aki-88aa75e1@@@ebs@/dev/sda1@paravirtual@xen@2014-03-07T09:30:21.000Z
IMAGE@ami-b942bbd2@340836111546/webjet4@340836111546@available@public@@x86_64@machine@@@windows@ebs@/dev/sda1@hvm@xen@2015-06-23T12:30:56.000Z
IMAGE@ami-7b8d0810@360399671502/wee4gw3@360399671502@available@public@@x86_64@machine@@@windows@ebs@/dev/sda1@hvm@xen@2015-08-29T16:00:21.000Z
IMAGE@ami-2ea39b46@362109133921/windows2008@362109133921@available@public@@x86_64@machine@@@windows@ebs@/dev/sda1@hvm@xen@2015-04-14T15:38:48.000Z
IMAGE@ami-f563a89c@367084523024/wordnik.caprica.play-1.2.3@367084523024@available@public@@x86_64@machine@aki-825ea7eb@@@ebs@/dev/sda1@paravirtual@xen@2011-12-06T14:56:40.000Z
IMAGE@ami-5de73234@367084523024/wordnik.caprica.play-2.0-rc1-master@367084523024@available@public@@x86_64@machine@aki-825ea7eb@@@ebs@/dev/sda1@paravirtual@xen@2011-12-21T06:03:41.000Z
IMAGE@ami-ac6d7ac4@370374619730/wahcah2@370374619730@available@public@@x86_64@machine@@@windows@ebs@/dev/sda1@hvm@xen@2015-05-08T15:47:46.000Z
IMAGE@ami-690a0e00@371503147522/wallet@2@371503147522@available@public@@x86_64@machine@@@@ebs@/dev/sda1@hvm@xen@2014-02-14T03:07:20.000Z
IMAGE@ami-776c431e@382974025660/wmz@382974025660@available@public@@x86_64@machine@@@@ebs@/dev/sda1@hvm@xen@2013-12-11T11:22:06.000Z
IMAGE@ami-2c4f2344@418972837251/w-worker@418972837251@available@public@@x86_64@machine@@@@ebs@/dev/xvda@hvm@xen@2014-12-21T19:15:23.000Z
IMAGE@ami-ced824a7@434042553317/windows@2008@434042553317@available@public@@x86_64@machine@@@windows@ebs@/dev/sda1@hvm@xen@2011-04-18T15:32:55.000Z
IMAGE@ami-8c9acee4@441197420969/wrchdy@441197420969@available@public@@x86_64@machine@@@windows@ebs@/dev/sda1@hvm@xen@2015-02-16T13:19:56.000Z
IMAGE@ami-6d64bb06@461652960303/wahcah_konek@461652960303@available@public@@x86_64@machine@@@windows@ebs@/dev/sda1@hvm@xen@2015-07-24T12:35:22.000Z
IMAGE@ami-aa9042c3@465923598134/w2k33@465923598134@available@public@@i386@machine@@@windows@ebs@/dev/sda1@hvm@xen@2012-02-21T10:48:30.000Z
IMAGE@ami-9ac218f3@472281272379/web@472281272379@available@public@@x86_64@machine@@@windows@ebs@/dev/sda1@hvm@xen@2012-04-26T23:44:28.000Z
IMAGE@ami-0b321b62@475881425460/wmz3@475881425460@available@public@@x86_64@machine@@@@ebs@/dev/sda1@hvm@xen@2013-12-18T07:40:46.000Z
IMAGE@ami-7b361f12@475881425460/wmzEU@475881425460@available@public@@x86_64@machine@@@@ebs@/dev/sda1@hvm@xen@2013-12-18T08:21:21.000Z
IMAGE@ami-720dac1b@480188365856/windows-2008-r2-ver-2-bootstrap-cert-6-18-2011-bobj-clean@480188365856@available@public@@x86_64@machine@@@windows@ebs@/dev/sda1@hvm@xen@2012-06-04T17:19:23.000Z
IMAGE@ami-ff4abd94@481035492284/wong2@481035492284@available@public@@x86_64@machine@@@windows@ebs@/dev/sda1@hvm@xen@2015-06-12T23:01:38.000Z
IMAGE@ami-c6058bae@488635681219/webjet2@488635681219@available@public@@x86_64@machine@@@windows@ebs@/dev/sda1@hvm@xen@2014-11-05T17:23:42.000Z
IMAGE@ami-7acb9f12@492150329541/w3do5@1989@492150329541@available@public@@x86_64@machine@@@windows@ebs@/dev/sda1@hvm@xen@2015-02-17T02:30:59.000Z
IMAGE@ami-61720204@501537202608/win99@501537202608@available@public@@x86_64@machine@@@windows@ebs@/dev/sda1@hvm@xen@2015-09-18T11:21:56.000Z
IMAGE@ami-ea651c82@503173406269/wanting@503173406269@available@public@@x86_64@machine@@@@ebs@/dev/sda1@hvm@xen@2015-01-21T02:29:16.000Z
IMAGE@ami-59833130@519701941432/w2K8AMI-CF-V2.1@519701941432@available@public@@x86_64@machine@@@windows@ebs@/dev/sda1@hvm@xen@2012-09-25T22:19:27.000Z
IMAGE@ami-cf6b15aa@524866281844/webjet5@524866281844@available@public@@x86_64@machine@@@windows@ebs@/dev/sda1@hvm@xen@2015-09-24T07:17:13.000Z
IMAGE@ami-f3f04b98@539250456905/wtrimble@539250456905@available@public@@x86_64@machine@@@@ebs@/dev/sda1@hvm@xen@2015-08-27T13:42:20.000Z
IMAGE@ami-9dd989f4@539431170893/whitewaterDES@539431170893@available@public@@x86_64@machine@aki-88aa75e1@@@ebs@/dev/sda1@paravirtual@xen@2013-10-11T15:27:29.000Z
IMAGE@ami-53cc7938@539603789332/wahcah_multi@539603789332@available@public@@x86_64@machine@@@windows@ebs@/dev/sda1@hvm@xen@2015-08-14T09:15:08.000Z
IMAGE@ami-c6e611af@576593341688/w2008@Std@updatat@576593341688@available@public@@x86_64@machine@@@windows@ebs@/dev/sda1@hvm@xen@2010-11-06T09:59:05.000Z
IMAGE@ami-dcbda0b4@589768463761/wiki.mozilla.org@0.13@ebs@ubuntu@589768463761@available@public@@x86_64@machine@@@@ebs@/dev/sda1@hvm@xen@2015-05-15T20:04:24.000Z
IMAGE@ami-18766f70@589768463761/wiki.mozilla.org@0.14@ebs@ubuntu@589768463761@available@public@@x86_64@machine@@@@ebs@/dev/sda1@hvm@xen@2015-05-19T13:50:54.000Z
IMAGE@ami-d2647cba@589768463761/wiki.mozilla.org@0.15@ebs@ubuntu@589768463761@available@public@@x86_64@machine@@@@ebs@/dev/sda1@hvm@xen@2015-05-20T16:02:30.000Z
IMAGE@ami-2a9b8342@589768463761/wiki.mozilla.org@0.19@ebs@ubuntu@589768463761@available@public@@x86_64@machine@@@@ebs@/dev/sda1@hvm@xen@2015-05-21T04:26:08.000Z
IMAGE@ami-108c9478@589768463761/wiki.mozilla.org@0.20@ebs@ubuntu@589768463761@available@public@@x86_64@machine@@@@ebs@/dev/sda1@hvm@xen@2015-05-21T05:50:58.000Z
IMAGE@ami-7662791e@589768463761/wiki.mozilla.org@0.23@ebs@ubuntu@589768463761@available@public@@x86_64@machine@@@@ebs@/dev/sda1@hvm@xen@2015-05-21T16:01:53.000Z
IMAGE@ami-ec677c84@589768463761/wiki.mozilla.org@0.24@ebs@ubuntu@589768463761@available@public@@x86_64@machine@@@@ebs@/dev/sda1@hvm@xen@2015-05-21T16:21:15.000Z
IMAGE@ami-fa1c0792@589768463761/wiki.mozilla.org@0.25@ebs@ubuntu@589768463761@available@public@@x86_64@machine@@@@ebs@/dev/sda1@hvm@xen@2015-05-21T17:29:05.000Z
IMAGE@ami-8a110ae2@589768463761/wiki.mozilla.org@0.26@ebs@ubuntu@589768463761@available@public@@x86_64@machine@@@@ebs@/dev/sda1@hvm@xen@2015-05-21T17:58:05.000Z
IMAGE@ami-3c140f54@589768463761/wiki.mozilla.org@0.27@ebs@ubuntu@589768463761@available@public@@x86_64@machine@@@@ebs@/dev/sda1@hvm@xen@2015-05-21T18:29:36.000Z
IMAGE@ami-4e0c1726@589768463761/wiki.mozilla.org@0.28@ebs@ubuntu@589768463761@available@public@@x86_64@machine@@@@ebs@/dev/sda1@hvm@xen@2015-05-21T19:30:59.000Z
IMAGE@ami-961309fe@589768463761/wiki.mozilla.org@0.29@ebs@ubuntu@589768463761@available@public@@x86_64@machine@@@@ebs@/dev/sda1@hvm@xen@2015-05-22T18:16:14.000Z
IMAGE@ami-88110be0@589768463761/wiki.mozilla.org@0.30@ebs@ubuntu@589768463761@available@public@@x86_64@machine@@@@ebs@/dev/sda1@hvm@xen@2015-05-22T18:35:20.000Z
IMAGE@ami-5f3ed934@589768463761/wiki.mozilla.org@0.31@ebs@ubuntu@589768463761@available@public@@x86_64@machine@@@@ebs@/dev/sda1@hvm@xen@2015-05-26T16:13:10.000Z
IMAGE@ami-cb07e0a0@589768463761/wiki.mozilla.org@0.32@ebs@ubuntu@589768463761@available@public@@x86_64@machine@@@@ebs@/dev/sda1@hvm@xen@2015-05-26T16:47:25.000Z
IMAGE@ami-0f00e764@589768463761/wiki.mozilla.org@0.33@ebs@ubuntu@589768463761@available@public@@x86_64@machine@@@@ebs@/dev/sda1@hvm@xen@2015-05-26T17:44:34.000Z
IMAGE@ami-e518ff8e@589768463761/wiki.mozilla.org@0.34@ebs@ubuntu@589768463761@available@public@@x86_64@machine@@@@ebs@/dev/sda1@hvm@xen@2015-05-26T20:53:57.000Z
IMAGE@ami-f3688898@589768463761/wiki.mozilla.org@0.35@ebs@ubuntu@589768463761@available@public@@x86_64@machine@@@@ebs@/dev/sda1@hvm@xen@2015-05-29T23:18:35.000Z
IMAGE@ami-a9927fc2@589768463761/wiki.mozilla.org@0.36@ebs@ubuntu@589768463761@available@public@@x86_64@machine@@@@ebs@/dev/sda1@hvm@xen@2015-06-01T19:21:22.000Z
IMAGE@ami-5de20d36@589768463761/wiki.mozilla.org@0.37@ebs@ubuntu@589768463761@available@public@@x86_64@machine@@@@ebs@/dev/sda1@hvm@xen@2015-06-03T21:04:30.000Z
IMAGE@ami-19806e72@589768463761/wiki.mozilla.org@0.42@ebs@ubuntu@589768463761@available@public@@x86_64@machine@@@@ebs@/dev/sda1@hvm@xen@2015-06-04T19:09:14.000Z
IMAGE@ami-4fda3424@589768463761/wiki.mozilla.org@0.43@ebs@ubuntu@589768463761@available@public@@x86_64@machine@@@@ebs@/dev/sda1@hvm@xen@2015-06-05T02:14:38.000Z
IMAGE@ami-e7b55c8c@589768463761/wiki.mozilla.org@0.44@ebs@ubuntu@589768463761@available@public@@x86_64@machine@@@@ebs@/dev/sda1@hvm@xen@2015-06-05T16:15:17.000Z
IMAGE@ami-650efb0e@589768463761/wiki.mozilla.org@0.45@ebs@ubuntu@589768463761@available@public@@x86_64@machine@@@@ebs@/dev/sda1@hvm@xen@2015-06-10T15:46:08.000Z
IMAGE@ami-db5bafb0@589768463761/wiki.mozilla.org@0.46@ebs@ubuntu@589768463761@available@public@@x86_64@machine@@@@ebs@/dev/sda1@hvm@xen@2015-06-11T19:52:06.000Z
IMAGE@ami-a97bbdc2@589768463761/wiki.mozilla.org@0.47@ebs@ubuntu@589768463761@available@public@@x86_64@machine@@@@ebs@/dev/sda1@hvm@xen@2015-06-30T18:48:58.000Z
IMAGE@ami-ea908d82@589768463761/wiki.mozilla.org@0.8@ebs@ubuntu@589768463761@available@public@@x86_64@machine@@@@ebs@/dev/sda1@hvm@xen@2015-05-15T17:35:30.000Z
IMAGE@ami-128c917a@589768463761/wiki.mozilla.org@0.9@ebs@ubuntu@589768463761@available@public@@x86_64@machine@@@@ebs@/dev/sda1@hvm@xen@2015-05-15T18:04:35.000Z
IMAGE@ami-fa333792@601189926976/work123@601189926976@available@public@@x86_64@machine@@@windows@ebs@/dev/sda1@hvm@xen@2015-04-18T23:37:57.000Z
IMAGE@ami-c3a027a8@612848318089/webServerImage@612848318089@available@public@@x86_64@machine@@@@ebs@/dev/xvda@hvm@xen@2015-08-31T22:44:48.000Z
IMAGE@ami-53af2838@612848318089/wsmTrafficGen@612848318089@available@public@@x86_64@machine@@@@ebs@/dev/xvda@hvm@xen@2015-08-31T22:45:35.000Z
IMAGE@ami-ad05c1c4@615752106583/wInmoAdmin@615752106583@available@public@@i386@machine@@@windows@ebs@/dev/sda1@hvm@xen@2011-07-13T15:00:37.000Z
IMAGE@ami-5d571e34@617258165236/win2k8_WIF_RP@617258165236@available@public@@x86_64@machine@@@windows@ebs@/dev/sda1@hvm@xen@2013-09-11T15:34:52.000Z
IMAGE@ami-b3ef24da@621114146982/windowscygwinemr2@621114146982@available@public@@x86_64@machine@@@windows@ebs@/dev/sda1@hvm@xen@2011-12-01T06:02:54.000Z
IMAGE@ami-ddd233b6@623700728977/webjet3@623700728977@available@public@@x86_64@machine@@@windows@ebs@/dev/sda1@hvm@xen@2015-05-28T11:31:21.000Z
IMAGE@ami-c9e247a2@642548345096/wp@install@642548345096@available@public@@x86_64@machine@@@@ebs@/dev/sda1@hvm@xen@2015-07-29T18:28:53.000Z
IMAGE@ami-7669561e@643626723617/windows_cell_ami_v4@643626723617@available@public@@x86_64@machine@@@windows@ebs@/dev/sda1@hvm@xen@2015-04-09T20:57:11.000Z
IMAGE@ami-fe1f8c97@644101622721/wordpress@public@vanilla@644101622721@available@public@@x86_64@machine@aki-88aa75e1@@@ebs@/dev/sda1@paravirtual@xen@2013-02-22T15:52:02.000Z
IMAGE@ami-9f4737f6@651611882091/wajdi@651611882091@available@public@@x86_64@machine@aki-88aa75e1@@@ebs@/dev/sda1@paravirtual@xen@2013-06-22T12:50:03.000Z
IMAGE@ami-6b924000@663079853108/washugbv40@663079853108@available@public@@x86_64@machine@aki-88aa75e1@@@ebs@/dev/sda1@paravirtual@xen@2015-07-20T15:33:17.000Z
IMAGE@ami-561de43e@664120956845/w1@Windows@Final@664120956845@available@public@@x86_64@machine@@@windows@ebs@/dev/sda1@hvm@xen@2014-06-20T17:07:58.000Z
IMAGE@ami-a06436c8@665125933809/windows-with-cosacs@665125933809@available@public@@x86_64@machine@@@windows@ebs@/dev/sda1@hvm@xen@2015-02-24T09:59:29.000Z
IMAGE@ami-b8a37fd1@667034184643/wp-test@667034184643@available@public@@i386@machine@aki-407d9529@@@ebs@/dev/sda1@paravirtual@xen@2012-03-11T05:36:41.000Z
IMAGE@ami-bed043d6@675929747398/w2k10_mnrgt_xmr_v2@675929747398@available@public@@x86_64@machine@@@windows@ebs@/dev/sda1@hvm@xen@2014-11-21T07:13:16.000Z
IMAGE@ami-e0390588@687950742348/with-scp-amzn-ami-2014.09.1-amazon-ecs-optimized-preview3@687950742348@available@public@@x86_64@machine@@@@ebs@/dev/xvda@hvm@xen@2015-04-08T21:38:28.000Z
IMAGE@ami-db6248b2@711228921768/wmzGPUlin@711228921768@available@public@@x86_64@machine@@@@ebs@/dev/sda1@hvm@xen@2013-12-26T12:47:02.000Z
IMAGE@ami-f697bf9e@721053308566/wrangler-genomics@721053308566@available@public@@x86_64@machine@@@@ebs@/dev/xvda@hvm@xen@2015-03-25T16:14:30.000Z
IMAGE@ami-96871bfe@732039698701/web-AutoRevo-001-2014@732039698701@available@public@@x86_64@machine@@@@ebs@/dev/xvda@hvm@xen@2014-11-26T04:16:52.000Z
IMAGE@ami-2a801c42@732039698701/web-pricingapp-2014@732039698701@available@public@@x86_64@machine@@@@ebs@/dev/xvda@hvm@xen@2014-11-26T04:17:41.000Z
IMAGE@ami-0bad8662@745459777003/windows@x64@sp1@standart@wamp@745459777003@available@public@@x86_64@machine@@@windows@ebs@/dev/sda1@hvm@xen@2013-12-25T16:26:13.000Z
IMAGE@ami-73337d19@750879151961/wedusgembel@750879151961@available@public@@x86_64@machine@@@windows@ebs@/dev/sda1@hvm@xen@2015-12-07T19:43:34.000Z
IMAGE@ami-c404f3ad@766185585730/wikifarm-ubuntu-lucid-20101116a@766185585730@available@public@@i386@machine@aki-754aa41c@@@ebs@/dev/sda1@paravirtual@xen@2010-11-17T01:34:25.000Z
IMAGE@ami-d4f2a0bc@770264893144/wayne1@770264893144@available@public@@i386@machine@aki-754aa41c@@@ebs@/dev/sda1@paravirtual@xen@2015-02-25T02:21:59.000Z
IMAGE@ami-6cf3a104@770264893144/wayne2@770264893144@available@public@@i386@machine@aki-754aa41c@@@ebs@/dev/sda1@paravirtual@xen@2015-02-25T02:23:54.000Z
IMAGE@ami-e6b9ed8e@778876722956/warungkelontong@778876722956@available@public@@i386@machine@@@windows@ebs@/dev/sda1@hvm@xen@2015-02-16T19:33:51.000Z
IMAGE@ami-45c2e92c@794006346096/wmza3@794006346096@available@public@@x86_64@machine@@@@ebs@/dev/sda1@hvm@xen@2013-12-25T06:56:55.000Z
IMAGE@ami-e8ac5d81@798957115604/win@boinc@798957115604@available@public@@x86_64@machine@@@windows@ebs@/dev/sda1@hvm@xen@2010-12-22T19:54:57.000Z
IMAGE@ami-d068d8b8@801193327871/with@Chrome@2008@64@oct14@801193327871@available@public@@x86_64@machine@@@windows@ebs@/dev/sda1@hvm@xen@2014-10-03T01:47:30.000Z
IMAGE@ami-2a5f1c40@807646652986/windows2008R2x64En@807646652986@available@public@@x86_64@machine@@@windows@ebs@/dev/sda1@hvm@xen@2015-11-29T03:22:20.000Z
IMAGE@ami-cd88d3a4@811385889773/wp-template-1.1@811385889773@available@public@@x86_64@machine@aki-88aa75e1@@@ebs@/dev/sda1@paravirtual@xen@2013-11-07T17:16:45.000Z
IMAGE@ami-0195e368@814323841366/www@server@814323841366@available@public@@x86_64@machine@@@windows@ebs@/dev/sda1@hvm@xen@2013-06-15T12:17:16.000Z
IMAGE@ami-daeefdb2@815120135175/workset@815120135175@available@public@@x86_64@machine@@@windows@ebs@/dev/sda1@hvm@xen@2015-05-13T14:18:33.000Z
IMAGE@ami-ab1ef4c0@826244510424/win2012r2-cuda70-vsc2013@826244510424@available@public@@x86_64@machine@@@windows@ebs@/dev/sda1@hvm@xen@2015-06-09T15:55:31.000Z
IMAGE@ami-0eaff166@831761610141/windortalina@831761610141@available@public@@x86_64@machine@@@windows@ebs@/dev/sda1@hvm@xen@2015-03-02T01:53:33.000Z
IMAGE@ami-5ee34936@840954119018/websvcdev0923@840954119018@available@public@@x86_64@machine@aki-88aa75e1@@@ebs@/dev/sda1@paravirtual@xen@2014-09-23T12:11:13.000Z
IMAGE@ami-c36d47aa@843334217774/windows@x64@sp1@standart@gamp@843334217774@available@public@@x86_64@machine@@@windows@ebs@/dev/sda1@hvm@xen@2013-12-26T12:08:48.000Z
IMAGE@ami-d064fcb9@855648677992/windows@2008@enterprise@64b@855648677992@available@public@@x86_64@machine@@@windows@ebs@/dev/sda1@hvm@xen@2013-03-22T21:30:37.000Z
IMAGE@ami-ab2279c2@855701545260/websitelauncher@855701545260@available@public@@i386@machine@aki-407d9529@@@ebs@/dev/sda1@paravirtual@xen@2013-11-06T16:44:52.000Z
IMAGE@ami-79dd2712@862798442433/wedding@862798442433@available@public@@x86_64@machine@@@windows@ebs@/dev/sda1@hvm@xen@2015-06-25T22:06:48.000Z
IMAGE@ami-1e91e874@872795292045/webapp@872795292045@available@public@@x86_64@machine@@@@ebs@/dev/sda1@hvm@xen@2015-11-11T11:16:03.000Z
IMAGE@ami-6247960a@877004852343/warras@877004852343@available@public@@i386@machine@@@windows@ebs@/dev/sda1@hvm@xen@2014-08-08T00:00:19.000Z
IMAGE@ami-0031cd69@895099425585/wipro-fedora8-i386-ami-vpc-21Apr@895099425585@available@public@@i386@machine@aki-94c527fd@ari-96c527ff@@ebs@/dev/sda1@paravirtual@xen@2011-04-21T05:47:45.000Z
IMAGE@ami-d4dd65bd@904411313395/w2k8R2_recovery_instance_pv1.3.10@904411313395@available@public@@x86_64@machine@@@windows@ebs@/dev/sda1@hvm@xen@2012-10-25T02:46:56.000Z
IMAGE@ami-198ff57c@913671369244/wahcah_admob@913671369244@available@public@@x86_64@machine@@@windows@ebs@/dev/sda1@hvm@xen@2015-09-28T15:36:21.000Z
IMAGE@ami-af67b0c6@919814621061/www-centos5-us-east-1-20120116-20120116080204@919814621061@available@public@@i386@machine@aki-805ea7e9@@@ebs@/dev/sda1@paravirtual@xen@2012-01-16T13:09:09.000Z
IMAGE@ami-b8e931d1@919814621061/www-centos5-us-east-1-20120413-20120413041803@919814621061@available@public@@i386@machine@aki-805ea7e9@@@ebs@/dev/sda1@paravirtual@xen@2012-04-13T08:22:23.000Z
IMAGE@ami-dbb61db2@919814621061/www-centos5-us-east-1-20120803-20120803083803@919814621061@available@public@@i386@machine@aki-805ea7e9@@@ebs@/dev/sda1@paravirtual@xen@2012-08-03T12:40:46.000Z
IMAGE@ami-668f110f@919814621061/www-centos6-us-east-1-0313-20130313074208@919814621061@available@public@@i386@machine@aki-805ea7e9@@@ebs@/dev/sda1@paravirtual@xen@2013-03-13T11:44:52.000Z
IMAGE@ami-abc068c2@919814621061/www-centos6-us-east-1-20120727-20120727053604@919814621061@available@public@@i386@machine@aki-805ea7e9@@@ebs@/dev/sda1@paravirtual@xen@2012-07-27T09:39:37.000Z
IMAGE@ami-33eb685a@919814621061/www-ubuntu1004-us-east-1-1205-20121205114621@919814621061@available@public@@i386@machine@aki-407d9529@@@ebs@/dev/sda1@paravirtual@xen@2012-12-05T11:48:59.000Z
IMAGE@ami-6264b80b@919814621061/www-ubuntu1004-us-east-1-20120316-20120316150404@919814621061@available@public@@i386@machine@aki-407d9529@@@ebs@/dev/sda1@paravirtual@xen@2012-03-16T15:07:37.000Z
IMAGE@ami-101abf79@919814621061/www-ubuntu1204-us-east-1-20120508-20120508103804@919814621061@available@public@@i386@machine@aki-805ea7e9@@@ebs@/dev/sda1@paravirtual@xen@2012-05-08T10:41:38.000Z
IMAGE@ami-399e4850@919814621061/www64-centos5-us-east-1-20120117-20120117023604@919814621061@available@public@@x86_64@machine@aki-825ea7eb@@@ebs@/dev/sda1@paravirtual@xen@2012-01-17T07:40:40.000Z
IMAGE@ami-4eee3627@919814621061/www64-centos5-us-east-1-20120413-20120413071405@919814621061@available@public@@x86_64@machine@aki-825ea7eb@@@ebs@/dev/sda1@paravirtual@xen@2012-04-13T11:19:38.000Z
IMAGE@ami-69b01b00@919814621061/www64-centos5-us-east-1-20120803-20120803064004@919814621061@available@public@@x86_64@machine@aki-825ea7eb@@@ebs@/dev/sda1@paravirtual@xen@2012-08-03T10:43:21.000Z
IMAGE@ami-ded04eb7@919814621061/www64-centos6-us-east-1-0312-20130312101409@919814621061@available@public@@x86_64@machine@aki-825ea7eb@@@ebs@/dev/sda1@paravirtual@xen@2013-03-12T14:17:42.000Z
IMAGE@ami-37e0af5e@919814621061/www64-centos6-us-east-1-0906-20130906071309@919814621061@available@public@@x86_64@machine@aki-825ea7eb@@@ebs@/dev/sda1@paravirtual@xen@2013-09-06T11:16:58.000Z
IMAGE@ami-abc26ac2@919814621061/www64-centos6-us-east-1-20120727-20120727062203@919814621061@available@public@@x86_64@machine@aki-825ea7eb@@@ebs@/dev/sda1@paravirtual@xen@2012-07-27T10:25:51.000Z
IMAGE@ami-f5e6659c@919814621061/www64-ubuntu1004-us-east-1-1205-20121205102414@919814621061@available@public@@x86_64@machine@aki-427d952b@@@ebs@/dev/sda1@paravirtual@xen@2012-12-05T10:27:46.000Z
IMAGE@ami-4e375227@919814621061/www64-ubuntu1204-us-east-1-0401-20130401124807@919814621061@available@public@@x86_64@machine@aki-88aa75e1@@@ebs@/dev/sda1@paravirtual@xen@2013-04-01T12:51:52.000Z
IMAGE@ami-77513c1e@919814621061/www64-ubuntu1204-us-east-1-0503-20130503133206@919814621061@available@public@@x86_64@machine@aki-88aa75e1@@@ebs@/dev/sda1@paravirtual@xen@2013-05-03T13:36:16.000Z
IMAGE@ami-35a7e85c@919814621061/www64-ubuntu1204-us-east-1-0905-20130905145306@919814621061@available@public@@x86_64@machine@aki-88aa75e1@@@ebs@/dev/sda1@paravirtual@xen@2013-09-05T14:57:25.000Z
IMAGE@ami-f01bbe99@919814621061/www64-ubuntu1204-us-east-1-20120508-20120508100003@919814621061@available@public@@x86_64@machine@aki-825ea7eb@@@ebs@/dev/sda1@paravirtual@xen@2012-05-08T10:04:09.000Z
IMAGE@ami-6184df08@919814621061/wwwchef64-centos6-us-east-1-1107-2247-20131107155313@919814621061@available@public@@x86_64@machine@aki-825ea7eb@@@ebs@/dev/sda1@paravirtual@xen@2013-11-07T20:57:15.000Z
IMAGE@ami-7a31a412@919814621061/wwwchef64-centos6-us-east-1-1113-1407-20141113071310@919814621061@available@public@@x86_64@machine@aki-825ea7eb@@@ebs@/dev/sda1@paravirtual@xen@2014-11-13T12:16:13.000Z
IMAGE@ami-59585730@919814621061/wwwchef64-ubuntu1204-us-east-1-0307-1316-20140307112207@919814621061@available@public@@x86_64@machine@aki-919dcaf8@@@ebs@/dev/sda1@paravirtual@xen@2014-03-07T11:25:25.000Z
IMAGE@ami-c19f83a8@919814621061/wwwchef64-ubuntu1204-us-east-1-0410-2158-20140410190506@919814621061@available@public@@x86_64@machine@aki-919dcaf8@@@ebs@/dev/sda1@paravirtual@xen@2014-04-10T19:08:21.000Z
IMAGE@ami-4193c828@919814621061/wwwchef64-ubuntu1204-us-east-1-1107-1507-20131107131411@919814621061@available@public@@x86_64@machine@aki-88aa75e1@@@ebs@/dev/sda1@paravirtual@xen@2013-11-07T13:17:32.000Z
IMAGE@ami-62caaf0a@919814621061/wwwchef64-ubuntu1204-us-east-1-1208-1238-20141208104207@919814621061@available@public@@x86_64@machine@aki-919dcaf8@@@ebs@/dev/sda1@paravirtual@xen@2014-12-08T10:44:35.000Z
IMAGE@ami-468ba02e@928774237573/wrwrchd@928774237573@available@public@@x86_64@machine@@@windows@ebs@/dev/sda1@hvm@xen@2015-03-26T17:47:55.000Z
IMAGE@ami-274cf84e@948250942199/w2k8r2_x64_pvc_b95@948250942199@available@public@@x86_64@machine@@@windows@ebs@/dev/sda1@hvm@xen@2012-08-24T01:29:04.000Z
IMAGE@ami-554df93c@948250942199/win2k8_x32_pvc_b95@948250942199@available@public@@i386@machine@@@windows@ebs@/dev/sda1@hvm@xen@2012-08-24T02:04:05.000Z
IMAGE@ami-ef70c486@948250942199/win2k8r2x64_pvc_b95@948250942199@available@public@@x86_64@machine@@@windows@ebs@/dev/sda1@hvm@xen@2012-08-22T22:47:59.000Z
IMAGE@ami-3aa16752@956314733299/wplbdc@956314733299@available@public@@x86_64@machine@aki-919dcaf8@@@ebs@/dev/sda1@paravirtual@xen@2014-07-04T02:01:19.000Z
IMAGE@ami-a7868fce@966183571309/windowsservice@966183571309@available@public@@x86_64@machine@@@windows@ebs@/dev/sda1@hvm@xen@2014-03-12T15:14:58.000Z
IMAGE@ami-6b004c02@966302050039/windows-server-2012-rtm-64bit-winrm@966302050039@available@public@@x86_64@machine@@@windows@ebs@/dev/sda1@hvm@xen@2013-08-30T18:44:21.000Z
IMAGE@ami-c58a54ae@971916170412/wisanggeni@971916170412@available@public@@i386@machine@@@windows@ebs@/dev/sda1@hvm@xen@2015-07-24T16:02:51.000Z
IMAGE@ami-d61ef4be@983241483949/webapp@-@1401091414@983241483949@available@public@@x86_64@machine@aki-919dcaf8@@@ebs@/dev/sda1@paravirtual@xen@2014-05-26T08:08:14.000Z
IMAGE@ami-dbce67b0@aws-marketplace/waratek-locker-2.2.0-7387c58e-afb1-44d6-897f-ba880882474c-ami-1d10d876.2@aws-marketplace@available@public@[marketplace:@6u87ym785ay9suauup74212z0]@x86_64@machine@@@@ebs@/dev/sda1@hvm@xen@2015-08-10T17:07:57.000Z
IMAGE@ami-99acd6fc@aws-marketplace/weblia-v1.10-0caf0aaf-a4f6-4956-92ad-e225143c984a-ami-97e299f2.2@aws-marketplace@available@public@[marketplace:@r16extykbr1fk49os3ujk022]@x86_64@machine@@@@ebs@/dev/xvda@hvm@xen@2015-09-28T11:16:45.000Z
IMAGE@ami-0b56a260@aws-marketplace/woocommerce-20150608-01-ed3b3c14-98f4-49e3-9e5c-dbcf004db790-ami-1f2ac174.2@aws-marketplace@available@public@[marketplace:@e1lw83ltag7btvajqjclf62z4]@x86_64@machine@@@@ebs@/dev/sda1@hvm@xen@2015-06-11T18:10:53.000Z
IMAGE@ami-1abe5872@aws-marketplace/ww_3.1.1a_GA-8f34179f-c3f0-40e1-8505-5e28ff70056d-ami-88f710e0.2@aws-marketplace@available@public@[marketplace:@8h7h8kbah3169owq0ct392a99]@x86_64@machine@aki-88aa75e1@@@ebs@/dev/sda1@paravirtual@xen@2014-04-30T23:24:45.000Z
IMAGE@ami-00e6b568@379685424513/webserver-1424727367@379685424513@available@public@@x86_64@machine@aki-919dcaf8@@@instance-store@@paravirtual@xen@2015-02-23T21:36:13.000Z
IMAGE@ami-f2eab99a@379685424513/webserver2-1424729722@379685424513@available@public@@x86_64@machine@aki-919dcaf8@@@instance-store@@paravirtual@xen@2015-02-23T22:15:28.000Z
IMAGE@ami-22a74f4b@919814621061/www-201006041356@919814621061@available@public@@i386@machine@aki-754aa41c@@@instance-store@/dev/sda1@paravirtual@xen@2010-06-04T14:04:03.000Z
IMAGE@ami-20a74f49@919814621061/www_x64-201006041359@919814621061@available@public@@x86_64@machine@aki-0b4aa462@@@instance-store@/dev/sda1@paravirtual@xen@2010-06-04T14:03:47.000Z
IMAGE@ami-b4afdede@653153183523/wei-image-master@653153183523@available@public@@x86_64@machine@@@@instance-store@@paravirtual@xen@2015-10-28T06:30:59.000Z
IMAGE@ami-caaadba0@653153183523/wei-image-slave@653153183523@available@public@@x86_64@machine@@@@instance-store@@paravirtual@xen@2015-10-28T06:28:30.000Z
IMAGE@ami-21779c48@093867875159/wm-public-amis/WaveMaker_Ubuntu904_Tomcat6_MySQL@093867875159@available@public@@i386@machine@aki-6eaa4907@ari-42b95a2b@@instance-store@/dev/sda1@paravirtual@xen@2010-08-03T19:37:30.000Z
IMAGE@ami-7f45cf16@863067617622/wso2-api-manager-1.3.0@863067617622@available@public@@x86_64@machine@aki-825ea7eb@@@instance-store@@paravirtual@xen@2013-01-21T20:31:19.000Z
IMAGE@ami-c29568ab@463163845264/wso2dataservices-2.5.1-c3.0.1-0002-x86_64-Ubuntu-10.04-server@463163845264@available@public@@x86_64@machine@aki-0b4aa462@@@instance-store@/dev/sda1@paravirtual@xen@2011-03-27T18:25:18.000Z
