SIZES@Standard_D14@D14|Faster|Compute|Instance
SIZES@Standard_D11@D11|Faster|Compute|Instance
SIZES@A11@A11|Instance
SIZES@A10@A10|Instance
SIZES@Standard_D12@D12|Faster|Compute|Instance
SIZES@Standard_D13@D13|Faster|Compute|Instance
SIZES@Small@Small|Instance
SIZES@ExtraSmall@Extra|Small|Instance
SIZES@Large@Large|Instance
SIZES@Medium@Medium|Instance
SIZES@A5@Memory|Intensive|Instance
SIZES@ExtraLarge@Extra|Large|Instance
SIZES@A7@A7|Instance
SIZES@A6@A6|Instance
SIZES@A9@A9|Instance
SIZES@A8@A8|Instance
SIZES@Standard_D4@D4|Faster|Compute|Instance
SIZES@Standard_D2@D2|Faster|Compute|Instance
SIZES@Standard_D3@D3|Faster|Compute|Instance
SIZES@Standard_D1@D1|Faster|Compute|Instance
